c:\users\uros.jovanovic\source\repos\rip\rip\x64\debug\vc143.pdb
c:\users\uros.jovanovic\source\repos\rip\rip\x64\debug\vc143.idb
c:\users\uros.jovanovic\source\repos\rip\rip\x64\debug\warshal_maxeler.obj
c:\users\uros.jovanovic\source\repos\rip\rip\x64\debug\warshall_multicore.obj
c:\users\uros.jovanovic\source\repos\rip\rip\x64\debug\warshall_simplified_maxeler.obj
c:\users\uros.jovanovic\source\repos\rip\rip\x64\debug\warshall_multicore_distributed_memory.obj
c:\users\uros.jovanovic\source\repos\rip\rip\x64\debug\warshall_maxeler2.obj
c:\users\uros.jovanovic\source\repos\rip\rip\x64\debug\warshall_manycore.obj
c:\users\uros.jovanovic\source\repos\rip\rip\x64\debug\rip.obj
c:\users\uros.jovanovic\source\repos\rip\x64\debug\rip.exe
c:\users\uros.jovanovic\source\repos\rip\x64\debug\rip.pdb
c:\users\uros.jovanovic\source\repos\rip\rip\x64\debug\rip.ilk
c:\users\uros.jovanovic\source\repos\rip\rip\x64\debug\rip.tlog\cl.command.1.tlog
c:\users\uros.jovanovic\source\repos\rip\rip\x64\debug\rip.tlog\cl.items.tlog
c:\users\uros.jovanovic\source\repos\rip\rip\x64\debug\rip.tlog\cl.read.1.tlog
c:\users\uros.jovanovic\source\repos\rip\rip\x64\debug\rip.tlog\cl.write.1.tlog
c:\users\uros.jovanovic\source\repos\rip\rip\x64\debug\rip.tlog\link.command.1.tlog
c:\users\uros.jovanovic\source\repos\rip\rip\x64\debug\rip.tlog\link.read.1.tlog
c:\users\uros.jovanovic\source\repos\rip\rip\x64\debug\rip.tlog\link.secondary.1.tlog
c:\users\uros.jovanovic\source\repos\rip\rip\x64\debug\rip.tlog\link.write.1.tlog
